

============================== 2023-03-16 08:10:05.750987 | feac4884-e70c-484e-8bb4-448f6c6a5d6b ==============================
08:10:05.750987 [info ] [MainThread]: Running with dbt=1.0.0
08:10:05.751454 [debug] [MainThread]: running dbt with arguments Namespace(record_timing_info=None, debug=None, log_format=None, write_json=None, use_colors=None, printer_width=None, warn_error=None, version_check=None, partial_parse=None, single_threaded=False, use_experimental_parser=None, static_parser=None, profiles_dir='/data/66/1/normalize', send_anonymous_usage_stats=None, fail_fast=None, event_buffer_size=None, project_dir='/data/66/1/normalize', profile=None, target=None, vars='{}', log_cache_events=False, config_dir=False, defer=None, state=None, cls=<class 'dbt.task.debug.DebugTask'>, which='debug', rpc_method=None)
08:10:05.751574 [debug] [MainThread]: Tracking: do not track
08:10:05.887994 [debug] [MainThread]: Executing "git --help"
08:10:05.897179 [debug] [MainThread]: STDOUT: "b"usage: git [--version] [--help] [-C <path>] [-c <name>=<value>]\n           [--exec-path[=<path>]] [--html-path] [--man-path] [--info-path]\n           [-p | --paginate | -P | --no-pager] [--no-replace-objects] [--bare]\n           [--git-dir=<path>] [--work-tree=<path>] [--namespace=<name>]\n           <command> [<args>]\n\nThese are common Git commands used in various situations:\n\nstart a working area (see also: git help tutorial)\n   clone             Clone a repository into a new directory\n   init              Create an empty Git repository or reinitialize an existing one\n\nwork on the current change (see also: git help everyday)\n   add               Add file contents to the index\n   mv                Move or rename a file, a directory, or a symlink\n   restore           Restore working tree files\n   rm                Remove files from the working tree and from the index\n   sparse-checkout   Initialize and modify the sparse-checkout\n\nexamine the history and state (see also: git help revisions)\n   bisect            Use binary search to find the commit that introduced a bug\n   diff              Show changes between commits, commit and working tree, etc\n   grep              Print lines matching a pattern\n   log               Show commit logs\n   show              Show various types of objects\n   status            Show the working tree status\n\ngrow, mark and tweak your common history\n   branch            List, create, or delete branches\n   commit            Record changes to the repository\n   merge             Join two or more development histories together\n   rebase            Reapply commits on top of another base tip\n   reset             Reset current HEAD to the specified state\n   switch            Switch branches\n   tag               Create, list, delete or verify a tag object signed with GPG\n\ncollaborate (see also: git help workflows)\n   fetch             Download objects and refs from another repository\n   pull              Fetch from and integrate with another repository or a local branch\n   push              Update remote refs along with associated objects\n\n'git help -a' and 'git help -g' list available subcommands and some\nconcept guides. See 'git help <command>' or 'git help <concept>'\nto read about a specific subcommand or concept.\nSee 'git help git' for an overview of the system.\n""
08:10:05.897710 [debug] [MainThread]: STDERR: "b''"
08:10:05.904173 [debug] [MainThread]: Acquiring new postgres connection "debug"
08:10:05.904475 [debug] [MainThread]: Using postgres connection "debug"
08:10:05.904555 [debug] [MainThread]: On debug: select 1 as id
08:10:05.904615 [debug] [MainThread]: Opening a new connection, currently in state init
08:10:05.974277 [debug] [MainThread]: SQL status: SELECT 1 in 0.07 seconds
08:10:05.975388 [debug] [MainThread]: On debug: Close
08:10:05.976601 [debug] [MainThread]: Connection 'debug' was properly closed.


============================== 2023-03-20 10:35:37.491352 | 4defdf0e-fb6c-43ad-92dc-a21835830c6b ==============================
[0m10:35:37.491352 [info ] [MainThread]: Running with dbt=1.4.5
[0m10:35:37.493864 [debug] [MainThread]: running dbt with arguments {'write_json': True, 'use_colors': True, 'printer_width': 120, 'version_check': True, 'partial_parse': True, 'static_parser': True, 'profiles_dir': 'C:\\Git Repositories\\dbt_transformation', 'send_anonymous_usage_stats': False, 'quiet': False, 'no_print': False, 'cache_selected_only': False, 'which': 'deps', 'rpc_method': 'deps', 'indirect_selection': 'eager'}
[0m10:35:37.493864 [debug] [MainThread]: Tracking: do not track
[0m10:35:37.509382 [debug] [MainThread]: Set downloads directory='C:\Users\JOSH~1.JEF\AppData\Local\Temp\dbt-downloads-41k0p2wq'
[0m10:35:37.509382 [debug] [MainThread]: Executing "git clone --depth 1 https://github.com/fishtown-analytics/dbt-utils.git 859fd0fa21176efee375a447937f7a46"
[0m10:35:39.716999 [debug] [MainThread]: STDOUT: "b''"
[0m10:35:39.718006 [debug] [MainThread]: STDERR: "b"Cloning into '859fd0fa21176efee375a447937f7a46'...\n""
[0m10:35:39.718006 [debug] [MainThread]: Pulling new dependency 859fd0fa21176efee375a447937f7a46.
[0m10:35:39.718006 [debug] [MainThread]: Executing "git rev-parse HEAD"
[0m10:35:39.748194 [debug] [MainThread]: STDOUT: "b'8129160a0981976598ea19a4b4693161b30f8a7e\n'"
[0m10:35:39.749204 [debug] [MainThread]: STDERR: "b''"
[0m10:35:39.749204 [debug] [MainThread]:   Checking out revision 0.8.2.
[0m10:35:39.749204 [debug] [MainThread]: Executing "git remote set-branches origin 0.8.2"
[0m10:35:39.785755 [debug] [MainThread]: STDOUT: "b''"
[0m10:35:39.786758 [debug] [MainThread]: STDERR: "b''"
[0m10:35:39.786758 [debug] [MainThread]: Executing "git fetch origin --depth 1 --tags 0.8.2"
[0m10:35:42.467426 [debug] [MainThread]: STDOUT: "b''"
[0m10:35:42.468423 [debug] [MainThread]: STDERR: "b'From https://github.com/fishtown-analytics/dbt-utils\n * tag               0.8.2      -> FETCH_HEAD\n * [new tag]         0.0.1      -> 0.0.1\n * [new tag]         0.1.0      -> 0.1.0\n * [new tag]         0.1.1      -> 0.1.1\n * [new tag]         0.1.10     -> 0.1.10\n * [new tag]         0.1.11     -> 0.1.11\n * [new tag]         0.1.12     -> 0.1.12\n * [new tag]         0.1.13     -> 0.1.13\n * [new tag]         0.1.14     -> 0.1.14\n * [new tag]         0.1.15     -> 0.1.15\n * [new tag]         0.1.16     -> 0.1.16\n * [new tag]         0.1.17     -> 0.1.17\n * [new tag]         0.1.18     -> 0.1.18\n * [new tag]         0.1.19     -> 0.1.19\n * [new tag]         0.1.2      -> 0.1.2\n * [new tag]         0.1.20     -> 0.1.20\n * [new tag]         0.1.21     -> 0.1.21\n * [new tag]         0.1.22     -> 0.1.22\n * [new tag]         0.1.23     -> 0.1.23\n * [new tag]         0.1.24     -> 0.1.24\n * [new tag]         0.1.25     -> 0.1.25\n * [new tag]         0.1.3      -> 0.1.3\n * [new tag]         0.1.4      -> 0.1.4\n * [new tag]         0.1.5      -> 0.1.5\n * [new tag]         0.1.6      -> 0.1.6\n * [new tag]         0.1.7      -> 0.1.7\n * [new tag]         0.1.8      -> 0.1.8\n * [new tag]         0.1.9      -> 0.1.9\n * [new tag]         0.2.0      -> 0.2.0\n * [new tag]         0.2.1      -> 0.2.1\n * [new tag]         0.2.2      -> 0.2.2\n * [new tag]         0.2.3      -> 0.2.3\n * [new tag]         0.2.4      -> 0.2.4\n * [new tag]         0.2.5      -> 0.2.5\n * [new tag]         0.3.0      -> 0.3.0\n * [new tag]         0.4.0      -> 0.4.0\n * [new tag]         0.4.1      -> 0.4.1\n * [new tag]         0.5.0      -> 0.5.0\n * [new tag]         0.5.1      -> 0.5.1\n * [new tag]         0.6.0      -> 0.6.0\n * [new tag]         0.6.1      -> 0.6.1\n * [new tag]         0.6.2      -> 0.6.2\n * [new tag]         0.6.3      -> 0.6.3\n * [new tag]         0.6.4      -> 0.6.4\n * [new tag]         0.6.5      -> 0.6.5\n * [new tag]         0.6.6      -> 0.6.6\n * [new tag]         0.7.0      -> 0.7.0\n * [new tag]         0.7.1      -> 0.7.1\n * [new tag]         0.7.2      -> 0.7.2\n * [new tag]         0.7.3      -> 0.7.3\n * [new tag]         0.7.4      -> 0.7.4\n * [new tag]         0.7.4-b1   -> 0.7.4-b1\n * [new tag]         0.7.4b1    -> 0.7.4b1\n * [new tag]         0.7.5      -> 0.7.5\n * [new tag]         0.7.6      -> 0.7.6\n * [new tag]         0.8.0      -> 0.8.0\n * [new tag]         0.8.1      -> 0.8.1\n * [new tag]         0.8.2      -> 0.8.2\n * [new tag]         0.8.3      -> 0.8.3\n * [new tag]         0.8.4      -> 0.8.4\n * [new tag]         0.8.5      -> 0.8.5\n * [new tag]         0.8.6      -> 0.8.6\n * [new tag]         0.9.0      -> 0.9.0\n * [new tag]         0.9.1      -> 0.9.1\n * [new tag]         0.9.2      -> 0.9.2\n * [new tag]         0.9.5      -> 0.9.5\n * [new tag]         0.9.6      -> 0.9.6\n * [new tag]         1.0.0      -> 1.0.0\n * [new tag]         1.0.0-b1   -> 1.0.0-b1\n * [new tag]         1.0.0-b2   -> 1.0.0-b2\n * [new tag]         1.0.0-rc1  -> 1.0.0-rc1\n'"
[0m10:35:42.468423 [debug] [MainThread]: Executing "git tag --list"
[0m10:35:42.508992 [debug] [MainThread]: STDOUT: "b'0.0.1\n0.1.0\n0.1.1\n0.1.10\n0.1.11\n0.1.12\n0.1.13\n0.1.14\n0.1.15\n0.1.16\n0.1.17\n0.1.18\n0.1.19\n0.1.2\n0.1.20\n0.1.21\n0.1.22\n0.1.23\n0.1.24\n0.1.25\n0.1.3\n0.1.4\n0.1.5\n0.1.6\n0.1.7\n0.1.8\n0.1.9\n0.2.0\n0.2.1\n0.2.2\n0.2.3\n0.2.4\n0.2.5\n0.3.0\n0.4.0\n0.4.1\n0.5.0\n0.5.1\n0.6.0\n0.6.1\n0.6.2\n0.6.3\n0.6.4\n0.6.5\n0.6.6\n0.7.0\n0.7.1\n0.7.2\n0.7.3\n0.7.4\n0.7.4-b1\n0.7.4b1\n0.7.5\n0.7.6\n0.8.0\n0.8.1\n0.8.2\n0.8.3\n0.8.4\n0.8.5\n0.8.6\n0.9.0\n0.9.1\n0.9.2\n0.9.5\n0.9.6\n1.0.0\n1.0.0-b1\n1.0.0-b2\n1.0.0-rc1\n'"
[0m10:35:42.509991 [debug] [MainThread]: STDERR: "b''"
[0m10:35:42.509991 [debug] [MainThread]: Executing "git reset --hard tags/0.8.2"
[0m10:35:42.634852 [debug] [MainThread]: STDOUT: "b'HEAD is now at 5717b10 Fix union_relations error when no include/exclude provided\n'"
[0m10:35:42.634852 [debug] [MainThread]: STDERR: "b''"
[0m10:35:42.634852 [debug] [MainThread]: Executing "git rev-parse HEAD"
[0m10:35:42.666041 [debug] [MainThread]: STDOUT: "b'5717b109d358844e0f085565b93e74cbe469ecb0\n'"
[0m10:35:42.666041 [debug] [MainThread]: STDERR: "b''"
[0m10:35:42.666041 [debug] [MainThread]:   Checked out at 5717b10.
[0m10:35:42.675606 [debug] [MainThread]: Executing "git clone --depth 1 https://github.com/fishtown-analytics/dbt-utils.git 859fd0fa21176efee375a447937f7a46"
[0m10:35:42.709299 [debug] [MainThread]: STDOUT: "b''"
[0m10:35:42.709299 [debug] [MainThread]: STDERR: "b"fatal: destination path '859fd0fa21176efee375a447937f7a46' already exists and is not an empty directory.\n""
[0m10:35:42.710298 [debug] [MainThread]: command return code=128
[0m10:35:42.710298 [debug] [MainThread]: Updating existing dependency 859fd0fa21176efee375a447937f7a46.
[0m10:35:42.710298 [debug] [MainThread]: Executing "git rev-parse HEAD"
[0m10:35:42.737848 [debug] [MainThread]: STDOUT: "b'5717b109d358844e0f085565b93e74cbe469ecb0\n'"
[0m10:35:42.737848 [debug] [MainThread]: STDERR: "b''"
[0m10:35:42.737848 [debug] [MainThread]:   Checking out revision 0.8.2.
[0m10:35:42.737848 [debug] [MainThread]: Executing "git remote set-branches origin 0.8.2"
[0m10:35:42.773388 [debug] [MainThread]: STDOUT: "b''"
[0m10:35:42.773388 [debug] [MainThread]: STDERR: "b''"
[0m10:35:42.773388 [debug] [MainThread]: Executing "git fetch origin --depth 1 --tags 0.8.2"
[0m10:35:44.471287 [debug] [MainThread]: STDOUT: "b''"
[0m10:35:44.471287 [debug] [MainThread]: STDERR: "b'From https://github.com/fishtown-analytics/dbt-utils\n * tag               0.8.2      -> FETCH_HEAD\n'"
[0m10:35:44.471287 [debug] [MainThread]: Executing "git tag --list"
[0m10:35:44.516885 [debug] [MainThread]: STDOUT: "b'0.0.1\n0.1.0\n0.1.1\n0.1.10\n0.1.11\n0.1.12\n0.1.13\n0.1.14\n0.1.15\n0.1.16\n0.1.17\n0.1.18\n0.1.19\n0.1.2\n0.1.20\n0.1.21\n0.1.22\n0.1.23\n0.1.24\n0.1.25\n0.1.3\n0.1.4\n0.1.5\n0.1.6\n0.1.7\n0.1.8\n0.1.9\n0.2.0\n0.2.1\n0.2.2\n0.2.3\n0.2.4\n0.2.5\n0.3.0\n0.4.0\n0.4.1\n0.5.0\n0.5.1\n0.6.0\n0.6.1\n0.6.2\n0.6.3\n0.6.4\n0.6.5\n0.6.6\n0.7.0\n0.7.1\n0.7.2\n0.7.3\n0.7.4\n0.7.4-b1\n0.7.4b1\n0.7.5\n0.7.6\n0.8.0\n0.8.1\n0.8.2\n0.8.3\n0.8.4\n0.8.5\n0.8.6\n0.9.0\n0.9.1\n0.9.2\n0.9.5\n0.9.6\n1.0.0\n1.0.0-b1\n1.0.0-b2\n1.0.0-rc1\n'"
[0m10:35:44.517884 [debug] [MainThread]: STDERR: "b''"
[0m10:35:44.517884 [debug] [MainThread]: Executing "git reset --hard tags/0.8.2"
[0m10:35:44.595373 [debug] [MainThread]: STDOUT: "b'HEAD is now at 5717b10 Fix union_relations error when no include/exclude provided\n'"
[0m10:35:44.596381 [debug] [MainThread]: STDERR: "b''"
[0m10:35:44.596381 [debug] [MainThread]: Executing "git rev-parse HEAD"
[0m10:35:44.635458 [debug] [MainThread]: STDOUT: "b'5717b109d358844e0f085565b93e74cbe469ecb0\n'"
[0m10:35:44.636462 [debug] [MainThread]: STDERR: "b''"
[0m10:35:44.636462 [debug] [MainThread]: Already at 5717b10, nothing to do.
[0m10:35:44.639981 [info ] [MainThread]: Installing https://github.com/fishtown-analytics/dbt-utils.git
[0m10:35:44.640984 [debug] [MainThread]: Executing "git clone --depth 1 https://github.com/fishtown-analytics/dbt-utils.git 859fd0fa21176efee375a447937f7a46"
[0m10:35:44.683051 [debug] [MainThread]: STDOUT: "b''"
[0m10:35:44.683599 [debug] [MainThread]: STDERR: "b"fatal: destination path '859fd0fa21176efee375a447937f7a46' already exists and is not an empty directory.\n""
[0m10:35:44.684122 [debug] [MainThread]: command return code=128
[0m10:35:44.684648 [debug] [MainThread]: Updating existing dependency 859fd0fa21176efee375a447937f7a46.
[0m10:35:44.684648 [debug] [MainThread]: Executing "git rev-parse HEAD"
[0m10:35:44.726033 [debug] [MainThread]: STDOUT: "b'5717b109d358844e0f085565b93e74cbe469ecb0\n'"
[0m10:35:44.726033 [debug] [MainThread]: STDERR: "b''"
[0m10:35:44.727034 [debug] [MainThread]:   Checking out revision 0.8.2.
[0m10:35:44.727034 [debug] [MainThread]: Executing "git remote set-branches origin 0.8.2"
[0m10:35:44.775639 [debug] [MainThread]: STDOUT: "b''"
[0m10:35:44.776642 [debug] [MainThread]: STDERR: "b''"
[0m10:35:44.776642 [debug] [MainThread]: Executing "git fetch origin --depth 1 --tags 0.8.2"
[0m10:35:46.512119 [debug] [MainThread]: STDOUT: "b''"
[0m10:35:46.513098 [debug] [MainThread]: STDERR: "b'From https://github.com/fishtown-analytics/dbt-utils\n * tag               0.8.2      -> FETCH_HEAD\n'"
[0m10:35:46.513098 [debug] [MainThread]: Executing "git tag --list"
[0m10:35:46.552194 [debug] [MainThread]: STDOUT: "b'0.0.1\n0.1.0\n0.1.1\n0.1.10\n0.1.11\n0.1.12\n0.1.13\n0.1.14\n0.1.15\n0.1.16\n0.1.17\n0.1.18\n0.1.19\n0.1.2\n0.1.20\n0.1.21\n0.1.22\n0.1.23\n0.1.24\n0.1.25\n0.1.3\n0.1.4\n0.1.5\n0.1.6\n0.1.7\n0.1.8\n0.1.9\n0.2.0\n0.2.1\n0.2.2\n0.2.3\n0.2.4\n0.2.5\n0.3.0\n0.4.0\n0.4.1\n0.5.0\n0.5.1\n0.6.0\n0.6.1\n0.6.2\n0.6.3\n0.6.4\n0.6.5\n0.6.6\n0.7.0\n0.7.1\n0.7.2\n0.7.3\n0.7.4\n0.7.4-b1\n0.7.4b1\n0.7.5\n0.7.6\n0.8.0\n0.8.1\n0.8.2\n0.8.3\n0.8.4\n0.8.5\n0.8.6\n0.9.0\n0.9.1\n0.9.2\n0.9.5\n0.9.6\n1.0.0\n1.0.0-b1\n1.0.0-b2\n1.0.0-rc1\n'"
[0m10:35:46.552194 [debug] [MainThread]: STDERR: "b''"
[0m10:35:46.553196 [debug] [MainThread]: Executing "git reset --hard tags/0.8.2"
[0m10:35:46.596249 [debug] [MainThread]: STDOUT: "b'HEAD is now at 5717b10 Fix union_relations error when no include/exclude provided\n'"
[0m10:35:46.597248 [debug] [MainThread]: STDERR: "b''"
[0m10:35:46.597248 [debug] [MainThread]: Executing "git rev-parse HEAD"
[0m10:35:46.626301 [debug] [MainThread]: STDOUT: "b'5717b109d358844e0f085565b93e74cbe469ecb0\n'"
[0m10:35:46.626301 [debug] [MainThread]: STDERR: "b''"
[0m10:35:46.627303 [debug] [MainThread]: Already at 5717b10, nothing to do.
[0m10:35:46.629300 [info ] [MainThread]:   Installed from revision 0.8.2
[0m10:35:46.630300 [debug] [MainThread]: Flushing usage events
